<?xml version="1.0" encoding="UTF-8"?>
<testng-results skipped="0" failed="0" ignored="0" total="1" passed="1">
  <reporter-output>
  </reporter-output>
  <suite name="Default suite" duration-ms="17699" started-at="2018-02-22T18:01:19Z" finished-at="2018-02-22T18:01:37Z">
    <groups>
    </groups>
    <test name="Default test" duration-ms="17699" started-at="2018-02-22T18:01:19Z" finished-at="2018-02-22T18:01:37Z">
      <class name="script.InvalidLogin">
        <test-method status="PASS" signature="openApplication()[pri:0, instance:script.InvalidLogin@7b69c6ba]" name="openApplication" is-config="true" duration-ms="12617" started-at="2018-02-22T23:31:19Z" finished-at="2018-02-22T23:31:32Z">
          <reporter-output>
          </reporter-output>
        </test-method> <!-- openApplication -->
        <test-method status="PASS" signature="testInvalidLogin()[pri:2, instance:script.InvalidLogin@7b69c6ba]" name="testInvalidLogin" duration-ms="2527" started-at="2018-02-22T23:31:32Z" finished-at="2018-02-22T23:31:34Z">
          <reporter-output>
          </reporter-output>
        </test-method> <!-- testInvalidLogin -->
        <test-method status="PASS" signature="closeApplication(org.testng.ITestResult)[pri:0, instance:script.InvalidLogin@7b69c6ba]" name="closeApplication" is-config="true" duration-ms="2529" started-at="2018-02-22T23:31:34Z" finished-at="2018-02-22T23:31:37Z">
          <params>
            <param index="0">
              <value>
                <![CDATA[[TestResult name=testInvalidLogin status=SUCCESS method=InvalidLogin.testInvalidLogin()[pri:2, instance:script.InvalidLogin@7b69c6ba] output={null}]]]>
              </value>
            </param>
          </params>
          <reporter-output>
          </reporter-output>
        </test-method> <!-- closeApplication -->
      </class> <!-- script.InvalidLogin -->
    </test> <!-- Default test -->
  </suite> <!-- Default suite -->
</testng-results>
